# JRE version: OpenJDK Runtime Environment (8.0_144-b01) (build 1.8.0_144-b01)
# Java VM: OpenJDK 64-Bit Server VM (25.144-b01 mixed mode linux-amd64 compressed oops)
Heap:
 garbage-first heap   total 271360K, used 141498K [0x00000000c0000000, 0x00000000c0100848, 0x0000000100000000)
  region size 1024K, 57 young (58368K), 2 survivors (2048K)
 Metaspace       used 84355K, capacity 94160K, committed 94460K, reserved 1130496K
  class space    used 10130K, capacity 12740K, committed 12796K, reserved 1048576K
GC Heap History (10 events):
Event: 25,080 GC heap before
{Heap before GC invocations=10 (full 0):
 garbage-first heap   total 262144K, used 176426K [0x00000000c0000000, 0x00000000c0100800, 0x0000000100000000)
  region size 1024K, 66 young (67584K), 3 survivors (3072K)
 Metaspace       used 32673K, capacity 36368K, committed 36476K, reserved 1081344K
  class space    used 3657K, capacity 4672K, committed 4732K, reserved 1048576K
Event: 25,094 GC heap after
Heap after GC invocations=11 (full 0):
 garbage-first heap   total 262144K, used 58880K [0x00000000c0000000, 0x00000000c0100800, 0x0000000100000000)
  region size 1024K, 16 young (16384K), 16 survivors (16384K)
 Metaspace       used 32673K, capacity 36368K, committed 36476K, reserved 1081344K
  class space    used 3657K, capacity 4672K, committed 4732K, reserved 1048576K
}
Event: 29,780 GC heap before
{Heap before GC invocations=12 (full 0):
 garbage-first heap   total 262144K, used 186901K [0x00000000c0000000, 0x00000000c0100800, 0x0000000100000000)
  region size 1024K, 142 young (145408K), 16 survivors (16384K)
 Metaspace       used 55309K, capacity 61720K, committed 61776K, reserved 1103872K
  class space    used 6411K, capacity 8399K, committed 8444K, reserved 1048576K
Event: 29,816 GC heap after
Heap after GC invocations=13 (full 0):
 garbage-first heap   total 262144K, used 79411K [0x00000000c0000000, 0x00000000c0100800, 0x0000000100000000)
  region size 1024K, 20 young (20480K), 20 survivors (20480K)
 Metaspace       used 55309K, capacity 61720K, committed 61776K, reserved 1103872K
  class space    used 6411K, capacity 8399K, committed 8444K, reserved 1048576K
}
Event: 35,899 GC heap before
{Heap before GC invocations=14 (full 0):
 garbage-first heap   total 262144K, used 215789K [0x00000000c0000000, 0x00000000c0100800, 0x0000000100000000)
  region size 1024K, 152 young (155648K), 20 survivors (20480K)
 Metaspace       used 76749K, capacity 86290K, committed 86524K, reserved 1124352K
  class space    used 9189K, capacity 11735K, committed 11772K, reserved 1048576K
Event: 35,953 GC heap after
Heap after GC invocations=15 (full 0):
 garbage-first heap   total 271360K, used 114316K [0x00000000c0000000, 0x00000000c0100848, 0x0000000100000000)
  region size 1024K, 19 young (19456K), 19 survivors (19456K)
 Metaspace       used 76749K, capacity 86290K, committed 86524K, reserved 1124352K
  class space    used 9189K, capacity 11735K, committed 11772K, reserved 1048576K
}
Event: 103,447 GC heap before
{Heap before GC invocations=16 (full 0):
 garbage-first heap   total 271360K, used 208570K [0x00000000c0000000, 0x00000000c0100848, 0x0000000100000000)
  region size 1024K, 126 young (129024K), 19 survivors (19456K)
 Metaspace       used 82358K, capacity 92208K, committed 92540K, reserved 1128448K
  class space    used 9916K, capacity 12558K, committed 12668K, reserved 1048576K
Event: 103,480 GC heap after
Heap after GC invocations=17 (full 0):
 garbage-first heap   total 271360K, used 101050K [0x00000000c0000000, 0x00000000c0100848, 0x0000000100000000)
  region size 1024K, 12 young (12288K), 12 survivors (12288K)
 Metaspace       used 82358K, capacity 92208K, committed 92540K, reserved 1128448K
  class space    used 9916K, capacity 12558K, committed 12668K, reserved 1048576K
}
Event: 120,726 GC heap before
{Heap before GC invocations=17 (full 0):
 garbage-first heap   total 271360K, used 102074K [0x00000000c0000000, 0x00000000c0100848, 0x0000000100000000)
  region size 1024K, 13 young (13312K), 12 survivors (12288K)
 Metaspace       used 82711K, capacity 92560K, committed 92796K, reserved 1130496K
  class space    used 9954K, capacity 12590K, committed 12668K, reserved 1048576K
Event: 120,737 GC heap after
Heap after GC invocations=18 (full 0):
 garbage-first heap   total 271360K, used 86202K [0x00000000c0000000, 0x00000000c0100848, 0x0000000100000000)
  region size 1024K, 2 young (2048K), 2 survivors (2048K)
 Metaspace       used 82711K, capacity 92560K, committed 92796K, reserved 1130496K
  class space    used 9954K, capacity 12590K, committed 12668K, reserved 1048576K
}

